0 info it worked if it ends with ok
1 verbose cli [ 'node', '/usr/local/bin/npm', 'install', 'thrift/transport' ]
2 info using npm@2.7.4
3 info using node@v0.12.2
4 silly cache add args [ 'thrift/transport', null ]
5 verbose cache add spec thrift/transport
6 silly cache add parsed spec { raw: 'thrift/transport',
6 silly cache add   scope: null,
6 silly cache add   name: null,
6 silly cache add   rawSpec: 'thrift/transport',
6 silly cache add   spec: 'git+ssh://git@github.com/thrift/transport.git',
6 silly cache add   type: 'hosted',
6 silly cache add   hosted:
6 silly cache add    { type: 'github',
6 silly cache add      ssh: 'git@github.com:thrift/transport.git',
6 silly cache add      sshUrl: 'git+ssh://git@github.com/thrift/transport.git',
6 silly cache add      httpsUrl: 'https://github.com/thrift/transport.git',
6 silly cache add      directUrl: 'https://raw.githubusercontent.com/thrift/transport/master/package.json' } }
7 info maybeGithub Attempting thrift/transport from git://github.com/thrift/transport.git
8 verbose addRemoteGit git-github-com-thrift-transport-git-bab04f6d not in flight; caching
9 info git [ 'clone',
9 info git   '--template=/Users/twurman/.npm/_git-remotes/_templates',
9 info git   '--mirror',
9 info git   'git://github.com/thrift/transport.git',
9 info git   '/Users/twurman/.npm/_git-remotes/git-github-com-thrift-transport-git-bab04f6d' ]
10 error git clone --template=/Users/twurman/.npm/_git-remotes/_templates --mirror git://github.com/thrift/transport.git /Users/twurman/.npm/_git-remotes/git-github-com-thrift-transport-git-bab04f6d
11 verbose git clone --template=/Users/twurman/.npm/_git-remotes/_templates --mirror git://github.com/thrift/transport.git /Users/twurman/.npm/_git-remotes/git-github-com-thrift-transport-git-bab04f6d: Cloning into bare repository '/Users/twurman/.npm/_git-remotes/git-github-com-thrift-transport-git-bab04f6d'...
11 verbose git clone --template=/Users/twurman/.npm/_git-remotes/_templates --mirror git://github.com/thrift/transport.git /Users/twurman/.npm/_git-remotes/git-github-com-thrift-transport-git-bab04f6d: fatal: remote error:
11 verbose git clone --template=/Users/twurman/.npm/_git-remotes/_templates --mirror git://github.com/thrift/transport.git /Users/twurman/.npm/_git-remotes/git-github-com-thrift-transport-git-bab04f6d:   Repository not found.
12 info maybeGithub Couldn't clone git://github.com/thrift/transport.git
13 info maybeGithub Now attempting thrift/transport from git@github.com:thrift/transport.git
14 verbose addRemoteGit git-github-com-thrift-transport-git-53306f5a not in flight; caching
15 info git [ 'clone',
15 info git   '--template=/Users/twurman/.npm/_git-remotes/_templates',
15 info git   '--mirror',
15 info git   'git@github.com:thrift/transport.git',
15 info git   '/Users/twurman/.npm/_git-remotes/git-github-com-thrift-transport-git-53306f5a' ]
16 error git clone --template=/Users/twurman/.npm/_git-remotes/_templates --mirror git@github.com:thrift/transport.git /Users/twurman/.npm/_git-remotes/git-github-com-thrift-transport-git-53306f5a
17 error git clone --template=/Users/twurman/.npm/_git-remotes/_templates --mirror git@github.com:thrift/transport.git /Users/twurman/.npm/_git-remotes/git-github-com-thrift-transport-git-53306f5a: Cloning into bare repository '/Users/twurman/.npm/_git-remotes/git-github-com-thrift-transport-git-53306f5a'...
17 error git clone --template=/Users/twurman/.npm/_git-remotes/_templates --mirror git@github.com:thrift/transport.git /Users/twurman/.npm/_git-remotes/git-github-com-thrift-transport-git-53306f5a: Warning: Permanently added 'github.com,192.30.252.130' (RSA) to the list of known hosts.
17 error git clone --template=/Users/twurman/.npm/_git-remotes/_templates --mirror git@github.com:thrift/transport.git /Users/twurman/.npm/_git-remotes/git-github-com-thrift-transport-git-53306f5a: Permission denied (publickey).
17 error git clone --template=/Users/twurman/.npm/_git-remotes/_templates --mirror git@github.com:thrift/transport.git /Users/twurman/.npm/_git-remotes/git-github-com-thrift-transport-git-53306f5a: fatal: Could not read from remote repository.
17 error git clone --template=/Users/twurman/.npm/_git-remotes/_templates --mirror git@github.com:thrift/transport.git /Users/twurman/.npm/_git-remotes/git-github-com-thrift-transport-git-53306f5a:
17 error git clone --template=/Users/twurman/.npm/_git-remotes/_templates --mirror git@github.com:thrift/transport.git /Users/twurman/.npm/_git-remotes/git-github-com-thrift-transport-git-53306f5a: Please make sure you have the correct access rights
17 error git clone --template=/Users/twurman/.npm/_git-remotes/_templates --mirror git@github.com:thrift/transport.git /Users/twurman/.npm/_git-remotes/git-github-com-thrift-transport-git-53306f5a: and the repository exists.
18 verbose stack Error: Command failed: git clone --template=/Users/twurman/.npm/_git-remotes/_templates --mirror git@github.com:thrift/transport.git /Users/twurman/.npm/_git-remotes/git-github-com-thrift-transport-git-53306f5a
18 verbose stack Cloning into bare repository '/Users/twurman/.npm/_git-remotes/git-github-com-thrift-transport-git-53306f5a'...
18 verbose stack Warning: Permanently added 'github.com,192.30.252.130' (RSA) to the list of known hosts.
18 verbose stack Permission denied (publickey).
18 verbose stack fatal: Could not read from remote repository.
18 verbose stack
18 verbose stack Please make sure you have the correct access rights
18 verbose stack and the repository exists.
18 verbose stack
18 verbose stack     at ChildProcess.exithandler (child_process.js:751:12)
18 verbose stack     at ChildProcess.emit (events.js:110:17)
18 verbose stack     at maybeClose (child_process.js:1015:16)
18 verbose stack     at Socket.<anonymous> (child_process.js:1183:11)
18 verbose stack     at Socket.emit (events.js:107:17)
18 verbose stack     at Pipe.close (net.js:485:12)
19 verbose cwd /Users/twurman/sirius/sirius-application/example/gen-nodejs
20 error Darwin 14.0.0
21 error argv "node" "/usr/local/bin/npm" "install" "thrift/transport"
22 error node v0.12.2
23 error npm  v2.7.4
24 error code 128
25 error Command failed: git clone --template=/Users/twurman/.npm/_git-remotes/_templates --mirror git@github.com:thrift/transport.git /Users/twurman/.npm/_git-remotes/git-github-com-thrift-transport-git-53306f5a
25 error Cloning into bare repository '/Users/twurman/.npm/_git-remotes/git-github-com-thrift-transport-git-53306f5a'...
25 error Warning: Permanently added 'github.com,192.30.252.130' (RSA) to the list of known hosts.
25 error Permission denied (publickey).
25 error fatal: Could not read from remote repository.
25 error
25 error Please make sure you have the correct access rights
25 error and the repository exists.
26 error If you need help, you may report this error at:
26 error     <https://github.com/npm/npm/issues>
27 verbose exit [ 1, true ]
