2015-05-12 22:07:33.601 SiriusMobile[1951:56972] DiskCookieStorage changing policy from 2 to 0, cookie file: file:///Users/twurman/Library/Developer/CoreSimulator/Devices/87D9EFA3-DF1B-4016-BE24-4723CAC192B7/data/Containers/Data/Application/BC64BF26-4609-4120-B15D-89F85C6EE729/Library/Cookies/Cookies.binarycookies
2015-05-12 22:07:34.694 SiriusMobile[1951:56972] Apache Cordova native platform version 3.8.0 is starting.
2015-05-12 22:07:34.695 SiriusMobile[1951:56972] Multi-tasking -> Device: YES, App: YES
2015-05-12 22:07:34.747 SiriusMobile[1951:56972] Unlimited access to network resources
2015-05-12 22:07:34.785 SiriusMobile[1951:56972] 

Started backup to iCloud! Please be careful.
Your application might be rejected by Apple if you store too much data.
For more information please read "iOS Data Storage Guidelines" at:
https://developer.apple.com/icloud/documentation/data-storage/
To disable web storage backup to iCloud, set the BackupWebStorage preference to "local" in the Cordova config.xml file

2015-05-12 22:07:37.647 SiriusMobile[1951:56972] Resetting plugins due to page load.
2015-05-12 22:07:38.249 SiriusMobile[1951:56972] Finished load of: file:///Users/twurman/Library/Developer/CoreSimulator/Devices/87D9EFA3-DF1B-4016-BE24-4723CAC192B7/data/Containers/Bundle/Application/DDABA0F3-2CC3-42E6-AB50-AAD99D7612F5/SiriusMobile.app/www/index.html
2015-05-13 22:01:56.758 SiriusMobile[9380:172787] DiskCookieStorage changing policy from 2 to 0, cookie file: file:///Users/twurman/Library/Developer/CoreSimulator/Devices/87D9EFA3-DF1B-4016-BE24-4723CAC192B7/data/Containers/Data/Application/77E1CCDB-6BE3-443F-ACDF-5DF20D87E457/Library/Cookies/Cookies.binarycookies
2015-05-13 22:01:57.127 SiriusMobile[9380:172787] Apache Cordova native platform version 3.8.0 is starting.
2015-05-13 22:01:57.128 SiriusMobile[9380:172787] Multi-tasking -> Device: YES, App: YES
2015-05-13 22:01:57.146 SiriusMobile[9380:172787] Unlimited access to network resources
2015-05-13 22:01:57.159 SiriusMobile[9380:172787] 

Started backup to iCloud! Please be careful.
Your application might be rejected by Apple if you store too much data.
For more information please read "iOS Data Storage Guidelines" at:
https://developer.apple.com/icloud/documentation/data-storage/
To disable web storage backup to iCloud, set the BackupWebStorage preference to "local" in the Cordova config.xml file

2015-05-13 22:01:57.603 SiriusMobile[9380:172787] [CDVTimer][file] 12.120008ms
2015-05-13 22:01:57.603 SiriusMobile[9380:172787] [CDVTimer][TotalPluginStartup] 12.845993ms
2015-05-13 22:01:57.939 SiriusMobile[9380:172787] Resetting plugins due to page load.
2015-05-13 22:01:58.041 SiriusMobile[9380:172787] Finished load of: file:///Users/twurman/Library/Developer/CoreSimulator/Devices/87D9EFA3-DF1B-4016-BE24-4723CAC192B7/data/Containers/Bundle/Application/AF57B2D1-02E6-4BE4-AFFC-7DD4BC96BF51/SiriusMobile.app/www/index.html
2015-05-13 22:03:47.364 SiriusMobile[9524:174089] DiskCookieStorage changing policy from 2 to 0, cookie file: file:///Users/twurman/Library/Developer/CoreSimulator/Devices/87D9EFA3-DF1B-4016-BE24-4723CAC192B7/data/Containers/Data/Application/4A633E41-1290-4F28-8C12-B87E076DF47A/Library/Cookies/Cookies.binarycookies
2015-05-13 22:03:47.503 SiriusMobile[9524:174089] Apache Cordova native platform version 3.8.0 is starting.
2015-05-13 22:03:47.503 SiriusMobile[9524:174089] Multi-tasking -> Device: YES, App: YES
2015-05-13 22:03:47.507 SiriusMobile[9524:174089] Unlimited access to network resources
2015-05-13 22:03:47.510 SiriusMobile[9524:174089] 

Started backup to iCloud! Please be careful.
Your application might be rejected by Apple if you store too much data.
For more information please read "iOS Data Storage Guidelines" at:
https://developer.apple.com/icloud/documentation/data-storage/
To disable web storage backup to iCloud, set the BackupWebStorage preference to "local" in the Cordova config.xml file

2015-05-13 22:03:47.595 SiriusMobile[9524:174089] [CDVTimer][file] 1.944005ms
2015-05-13 22:03:47.595 SiriusMobile[9524:174089] [CDVTimer][TotalPluginStartup] 2.142012ms
2015-05-13 22:03:47.657 SiriusMobile[9524:174089] Resetting plugins due to page load.
2015-05-13 22:03:47.716 SiriusMobile[9524:174089] Finished load of: file:///Users/twurman/Library/Developer/CoreSimulator/Devices/87D9EFA3-DF1B-4016-BE24-4723CAC192B7/data/Containers/Bundle/Application/243EF70C-FFE7-479D-9C5A-04F4A5A7E132/SiriusMobile.app/www/index.html
2015-05-13 22:05:24.877 SiriusMobile[9668:175227] DiskCookieStorage changing policy from 2 to 0, cookie file: file:///Users/twurman/Library/Developer/CoreSimulator/Devices/87D9EFA3-DF1B-4016-BE24-4723CAC192B7/data/Containers/Data/Application/AA0CEAA8-FCD7-46DC-AC30-85DBBE684D7B/Library/Cookies/Cookies.binarycookies
2015-05-13 22:05:25.032 SiriusMobile[9668:175227] Apache Cordova native platform version 3.8.0 is starting.
2015-05-13 22:05:25.032 SiriusMobile[9668:175227] Multi-tasking -> Device: YES, App: YES
2015-05-13 22:05:25.035 SiriusMobile[9668:175227] Unlimited access to network resources
2015-05-13 22:05:25.039 SiriusMobile[9668:175227] 

Started backup to iCloud! Please be careful.
Your application might be rejected by Apple if you store too much data.
For more information please read "iOS Data Storage Guidelines" at:
https://developer.apple.com/icloud/documentation/data-storage/
To disable web storage backup to iCloud, set the BackupWebStorage preference to "local" in the Cordova config.xml file

2015-05-13 22:05:25.123 SiriusMobile[9668:175227] [CDVTimer][file] 1.972973ms
2015-05-13 22:05:25.123 SiriusMobile[9668:175227] [CDVTimer][TotalPluginStartup] 2.171993ms
2015-05-13 22:05:25.188 SiriusMobile[9668:175227] Resetting plugins due to page load.
2015-05-13 22:05:25.237 SiriusMobile[9668:175227] Finished load of: file:///Users/twurman/Library/Developer/CoreSimulator/Devices/87D9EFA3-DF1B-4016-BE24-4723CAC192B7/data/Containers/Bundle/Application/17F56703-4DCE-475D-8AA5-C2E22FCE9AE3/SiriusMobile.app/www/index.html
2015-05-13 22:05:30.117 SiriusMobile[9668:175254] Terminating since there is no system app.
2015-05-13 22:05:51.057 SiriusMobile[9806:176009] DiskCookieStorage changing policy from 2 to 0, cookie file: file:///Users/twurman/Library/Developer/CoreSimulator/Devices/87D9EFA3-DF1B-4016-BE24-4723CAC192B7/data/Containers/Data/Application/DA16A86A-B5F2-47F6-8CF7-50F29B1DA10A/Library/Cookies/Cookies.binarycookies
2015-05-13 22:05:51.219 SiriusMobile[9806:176009] Apache Cordova native platform version 3.8.0 is starting.
2015-05-13 22:05:51.220 SiriusMobile[9806:176009] Multi-tasking -> Device: YES, App: YES
2015-05-13 22:05:51.224 SiriusMobile[9806:176009] Unlimited access to network resources
2015-05-13 22:05:51.229 SiriusMobile[9806:176009] 

Started backup to iCloud! Please be careful.
Your application might be rejected by Apple if you store too much data.
For more information please read "iOS Data Storage Guidelines" at:
https://developer.apple.com/icloud/documentation/data-storage/
To disable web storage backup to iCloud, set the BackupWebStorage preference to "local" in the Cordova config.xml file

2015-05-13 22:05:51.318 SiriusMobile[9806:176009] [CDVTimer][file] 3.318012ms
2015-05-13 22:05:51.318 SiriusMobile[9806:176009] [CDVTimer][TotalPluginStartup] 3.620982ms
2015-05-13 22:05:51.391 SiriusMobile[9806:176009] Resetting plugins due to page load.
2015-05-13 22:05:51.490 SiriusMobile[9806:176009] Finished load of: file:///Users/twurman/Library/Developer/CoreSimulator/Devices/87D9EFA3-DF1B-4016-BE24-4723CAC192B7/data/Containers/Bundle/Application/FDFA17D8-5623-4E13-B124-31DD092ADDCD/SiriusMobile.app/www/index.html
2015-05-13 22:07:27.309 SiriusMobile[9949:177498] DiskCookieStorage changing policy from 2 to 0, cookie file: file:///Users/twurman/Library/Developer/CoreSimulator/Devices/87D9EFA3-DF1B-4016-BE24-4723CAC192B7/data/Containers/Data/Application/A160D18B-2952-4C57-AECE-620589175222/Library/Cookies/Cookies.binarycookies
2015-05-13 22:07:27.491 SiriusMobile[9949:177498] Apache Cordova native platform version 3.8.0 is starting.
2015-05-13 22:07:27.492 SiriusMobile[9949:177498] Multi-tasking -> Device: YES, App: YES
2015-05-13 22:07:27.494 SiriusMobile[9949:177498] Unlimited access to network resources
2015-05-13 22:07:27.498 SiriusMobile[9949:177498] 

Started backup to iCloud! Please be careful.
Your application might be rejected by Apple if you store too much data.
For more information please read "iOS Data Storage Guidelines" at:
https://developer.apple.com/icloud/documentation/data-storage/
To disable web storage backup to iCloud, set the BackupWebStorage preference to "local" in the Cordova config.xml file

2015-05-13 22:07:27.595 SiriusMobile[9949:177498] [CDVTimer][file] 2.422035ms
2015-05-13 22:07:27.595 SiriusMobile[9949:177498] [CDVTimer][TotalPluginStartup] 2.623022ms
2015-05-13 22:07:27.664 SiriusMobile[9949:177498] Resetting plugins due to page load.
2015-05-13 22:07:27.713 SiriusMobile[9949:177498] Finished load of: file:///Users/twurman/Library/Developer/CoreSimulator/Devices/87D9EFA3-DF1B-4016-BE24-4723CAC192B7/data/Containers/Bundle/Application/6A271E14-1C3B-4947-9F17-58B3EBC6533B/SiriusMobile.app/www/index.html
2015-05-13 22:07:55.599 SiriusMobile[9949:177720] Terminating since there is no system app.
2015-05-13 22:09:01.390 SiriusMobile[10091:178571] DiskCookieStorage changing policy from 2 to 0, cookie file: file:///Users/twurman/Library/Developer/CoreSimulator/Devices/87D9EFA3-DF1B-4016-BE24-4723CAC192B7/data/Containers/Data/Application/B08CDE0E-69E3-4FB3-BAEE-298D0F51EA36/Library/Cookies/Cookies.binarycookies
2015-05-13 22:09:01.528 SiriusMobile[10091:178571] Apache Cordova native platform version 3.8.0 is starting.
2015-05-13 22:09:01.528 SiriusMobile[10091:178571] Multi-tasking -> Device: YES, App: YES
2015-05-13 22:09:01.532 SiriusMobile[10091:178571] Unlimited access to network resources
2015-05-13 22:09:01.536 SiriusMobile[10091:178571] 

Started backup to iCloud! Please be careful.
Your application might be rejected by Apple if you store too much data.
For more information please read "iOS Data Storage Guidelines" at:
https://developer.apple.com/icloud/documentation/data-storage/
To disable web storage backup to iCloud, set the BackupWebStorage preference to "local" in the Cordova config.xml file

2015-05-13 22:09:01.626 SiriusMobile[10091:178571] [CDVTimer][file] 1.962006ms
2015-05-13 22:09:01.627 SiriusMobile[10091:178571] [CDVTimer][TotalPluginStartup] 2.161980ms
2015-05-13 22:09:01.699 SiriusMobile[10091:178571] Resetting plugins due to page load.
2015-05-13 22:09:01.745 SiriusMobile[10091:178571] Finished load of: file:///Users/twurman/Library/Developer/CoreSimulator/Devices/87D9EFA3-DF1B-4016-BE24-4723CAC192B7/data/Containers/Bundle/Application/6917AF14-B0F5-420B-8FE3-5123B5F6EDE3/SiriusMobile.app/www/index.html
2015-05-13 22:32:43.841 SiriusMobile[10288:184810] DiskCookieStorage changing policy from 2 to 0, cookie file: file:///Users/twurman/Library/Developer/CoreSimulator/Devices/87D9EFA3-DF1B-4016-BE24-4723CAC192B7/data/Containers/Data/Application/48857ACC-0C7E-4803-B013-9F10A471D561/Library/Cookies/Cookies.binarycookies
2015-05-13 22:32:44.038 SiriusMobile[10288:184810] Apache Cordova native platform version 3.8.0 is starting.
2015-05-13 22:32:44.039 SiriusMobile[10288:184810] Multi-tasking -> Device: YES, App: YES
2015-05-13 22:32:44.056 SiriusMobile[10288:184810] Unlimited access to network resources
2015-05-13 22:32:44.060 SiriusMobile[10288:184810] 

Started backup to iCloud! Please be careful.
Your application might be rejected by Apple if you store too much data.
For more information please read "iOS Data Storage Guidelines" at:
https://developer.apple.com/icloud/documentation/data-storage/
To disable web storage backup to iCloud, set the BackupWebStorage preference to "local" in the Cordova config.xml file

2015-05-13 22:32:44.172 SiriusMobile[10288:184810] [CDVTimer][file] 1.995027ms
2015-05-13 22:32:44.172 SiriusMobile[10288:184810] [CDVTimer][TotalPluginStartup] 2.207994ms
2015-05-13 22:32:44.399 SiriusMobile[10288:184810] Resetting plugins due to page load.
2015-05-13 22:32:44.512 SiriusMobile[10288:184810] Finished load of: file:///Users/twurman/Library/Developer/CoreSimulator/Devices/87D9EFA3-DF1B-4016-BE24-4723CAC192B7/data/Containers/Bundle/Application/E6F525EC-1DCE-4DEF-8617-DF227098C5B9/SiriusMobile.app/www/index.html
2015-05-13 23:00:51.943 SiriusMobile[10495:192382] DiskCookieStorage changing policy from 2 to 0, cookie file: file:///Users/twurman/Library/Developer/CoreSimulator/Devices/87D9EFA3-DF1B-4016-BE24-4723CAC192B7/data/Containers/Data/Application/AEE2144E-35F4-4FC0-8C7B-945684C62312/Library/Cookies/Cookies.binarycookies
2015-05-13 23:00:52.350 SiriusMobile[10495:192382] Apache Cordova native platform version 3.8.0 is starting.
2015-05-13 23:00:52.351 SiriusMobile[10495:192382] Multi-tasking -> Device: YES, App: YES
2015-05-13 23:00:52.378 SiriusMobile[10495:192382] Unlimited access to network resources
2015-05-13 23:00:52.404 SiriusMobile[10495:192382] 

Started backup to iCloud! Please be careful.
Your application might be rejected by Apple if you store too much data.
For more information please read "iOS Data Storage Guidelines" at:
https://developer.apple.com/icloud/documentation/data-storage/
To disable web storage backup to iCloud, set the BackupWebStorage preference to "local" in the Cordova config.xml file

2015-05-13 23:00:52.580 SiriusMobile[10495:192382] [CDVTimer][file] 5.060017ms
2015-05-13 23:00:52.580 SiriusMobile[10495:192382] [CDVTimer][TotalPluginStartup] 5.762994ms
2015-05-13 23:00:52.903 SiriusMobile[10495:192382] Resetting plugins due to page load.
2015-05-13 23:00:53.035 SiriusMobile[10495:192382] Finished load of: file:///Users/twurman/Library/Developer/CoreSimulator/Devices/87D9EFA3-DF1B-4016-BE24-4723CAC192B7/data/Containers/Bundle/Application/6AFCB6D5-78DD-4854-BCCD-05DC9DF951AB/SiriusMobile.app/www/index.html
2015-05-13 23:01:50.071 SiriusMobile[10495:192900] Terminating since there is no system app.
2015-05-16 13:15:17.037 SiriusMobile[15459:281637] DiskCookieStorage changing policy from 2 to 0, cookie file: file:///Users/twurman/Library/Developer/CoreSimulator/Devices/87D9EFA3-DF1B-4016-BE24-4723CAC192B7/data/Containers/Data/Application/03B23D7F-0463-4257-828E-725E5B99DE75/Library/Cookies/Cookies.binarycookies
2015-05-16 13:15:17.426 SiriusMobile[15459:281637] Apache Cordova native platform version 3.8.0 is starting.
2015-05-16 13:15:17.427 SiriusMobile[15459:281637] Multi-tasking -> Device: YES, App: YES
2015-05-16 13:15:17.443 SiriusMobile[15459:281637] Unlimited access to network resources
2015-05-16 13:15:17.457 SiriusMobile[15459:281637] 

Started backup to iCloud! Please be careful.
Your application might be rejected by Apple if you store too much data.
For more information please read "iOS Data Storage Guidelines" at:
https://developer.apple.com/icloud/documentation/data-storage/
To disable web storage backup to iCloud, set the BackupWebStorage preference to "local" in the Cordova config.xml file

2015-05-16 13:15:17.912 SiriusMobile[15459:281637] [CDVTimer][file] 15.368998ms
2015-05-16 13:15:17.912 SiriusMobile[15459:281637] [CDVTimer][TotalPluginStartup] 16.133010ms
2015-05-16 13:15:18.336 SiriusMobile[15459:281637] Resetting plugins due to page load.
2015-05-16 13:15:18.497 SiriusMobile[15459:281637] Finished load of: file:///Users/twurman/Library/Developer/CoreSimulator/Devices/87D9EFA3-DF1B-4016-BE24-4723CAC192B7/data/Containers/Bundle/Application/91D7450C-775F-49A6-820F-FCB5D2F37CCF/SiriusMobile.app/www/index.html
2015-05-16 13:15:34.754 SiriusMobile[15459:281833] Terminating since there is no system app.
2015-05-16 14:37:43.172 SiriusMobile[16244:299644] DiskCookieStorage changing policy from 2 to 0, cookie file: file:///Users/twurman/Library/Developer/CoreSimulator/Devices/87D9EFA3-DF1B-4016-BE24-4723CAC192B7/data/Containers/Data/Application/DC81DDCA-E374-4939-ACAB-D90C5562AF7E/Library/Cookies/Cookies.binarycookies
2015-05-16 14:37:43.651 SiriusMobile[16244:299644] Apache Cordova native platform version 3.8.0 is starting.
2015-05-16 14:37:43.652 SiriusMobile[16244:299644] Multi-tasking -> Device: YES, App: YES
2015-05-16 14:37:43.674 SiriusMobile[16244:299644] Unlimited access to network resources
2015-05-16 14:37:43.688 SiriusMobile[16244:299644] 

Started backup to iCloud! Please be careful.
Your application might be rejected by Apple if you store too much data.
For more information please read "iOS Data Storage Guidelines" at:
https://developer.apple.com/icloud/documentation/data-storage/
To disable web storage backup to iCloud, set the BackupWebStorage preference to "local" in the Cordova config.xml file

2015-05-16 14:37:44.135 SiriusMobile[16244:299644] [CDVTimer][file] 13.876975ms
2015-05-16 14:37:44.135 SiriusMobile[16244:299644] [CDVTimer][TotalPluginStartup] 14.657021ms
2015-05-16 14:37:44.563 SiriusMobile[16244:299644] Resetting plugins due to page load.
2015-05-16 14:37:44.728 SiriusMobile[16244:299644] Finished load of: file:///Users/twurman/Library/Developer/CoreSimulator/Devices/87D9EFA3-DF1B-4016-BE24-4723CAC192B7/data/Containers/Bundle/Application/DD3F8497-D3FD-4AF8-8853-1C275493073A/SiriusMobile.app/www/index.html
2015-05-16 14:39:20.059 SiriusMobile[16407:300929] DiskCookieStorage changing policy from 2 to 0, cookie file: file:///Users/twurman/Library/Developer/CoreSimulator/Devices/87D9EFA3-DF1B-4016-BE24-4723CAC192B7/data/Containers/Data/Application/8092AB3E-356D-456E-B138-CF48EC8E7C62/Library/Cookies/Cookies.binarycookies
2015-05-16 14:39:20.198 SiriusMobile[16407:300929] Apache Cordova native platform version 3.8.0 is starting.
2015-05-16 14:39:20.198 SiriusMobile[16407:300929] Multi-tasking -> Device: YES, App: YES
2015-05-16 14:39:20.200 SiriusMobile[16407:300929] Unlimited access to network resources
2015-05-16 14:39:20.204 SiriusMobile[16407:300929] 

Started backup to iCloud! Please be careful.
Your application might be rejected by Apple if you store too much data.
For more information please read "iOS Data Storage Guidelines" at:
https://developer.apple.com/icloud/documentation/data-storage/
To disable web storage backup to iCloud, set the BackupWebStorage preference to "local" in the Cordova config.xml file

2015-05-16 14:39:20.314 SiriusMobile[16407:300929] [CDVTimer][file] 4.345953ms
2015-05-16 14:39:20.314 SiriusMobile[16407:300929] [CDVTimer][TotalPluginStartup] 4.563034ms
2015-05-16 14:39:20.480 SiriusMobile[16407:300929] Resetting plugins due to page load.
2015-05-16 14:39:20.537 SiriusMobile[16407:300929] Finished load of: file:///Users/twurman/Library/Developer/CoreSimulator/Devices/87D9EFA3-DF1B-4016-BE24-4723CAC192B7/data/Containers/Bundle/Application/AD91822D-ADB2-4DA5-8256-01AB2D60FC25/SiriusMobile.app/www/index.html
2015-05-16 14:39:30.877 SiriusMobile[16407:301077] Terminating since there is no system app.
2015-05-16 15:03:49.679 SiriusMobile[17405:315527] DiskCookieStorage changing policy from 2 to 0, cookie file: file:///Users/twurman/Library/Developer/CoreSimulator/Devices/87D9EFA3-DF1B-4016-BE24-4723CAC192B7/data/Containers/Data/Application/8689A811-F2B3-4573-9665-5972583E23CF/Library/Cookies/Cookies.binarycookies
2015-05-16 15:03:50.229 SiriusMobile[17405:315527] Apache Cordova native platform version 3.8.0 is starting.
2015-05-16 15:03:50.229 SiriusMobile[17405:315527] Multi-tasking -> Device: YES, App: YES
2015-05-16 15:03:50.248 SiriusMobile[17405:315527] Unlimited access to network resources
2015-05-16 15:03:50.693 SiriusMobile[17405:315527] [CDVTimer][file] 3.883004ms
2015-05-16 15:03:50.694 SiriusMobile[17405:315527] [CDVTimer][TotalPluginStartup] 4.658043ms
2015-05-16 15:03:51.096 SiriusMobile[17405:315527] Resetting plugins due to page load.
2015-05-16 15:03:51.242 SiriusMobile[17405:315527] Finished load of: file:///Users/twurman/Library/Developer/CoreSimulator/Devices/87D9EFA3-DF1B-4016-BE24-4723CAC192B7/data/Containers/Bundle/Application/75FF218A-379B-448E-99DE-F46E1372E258/SiriusMobile.app/www/index.html
2015-05-16 15:04:01.810 SiriusMobile[17405:315841] Terminating since there is no system app.
2015-05-19 12:15:37.237 SiriusMobile[24284:456290] DiskCookieStorage changing policy from 2 to 0, cookie file: file:///Users/twurman/Library/Developer/CoreSimulator/Devices/87D9EFA3-DF1B-4016-BE24-4723CAC192B7/data/Containers/Data/Application/75C5898A-4EA4-4D74-BBAE-4403711F26D2/Library/Cookies/Cookies.binarycookies
2015-05-19 12:15:37.613 SiriusMobile[24284:456290] Apache Cordova native platform version 3.8.0 is starting.
2015-05-19 12:15:37.614 SiriusMobile[24284:456290] Multi-tasking -> Device: YES, App: YES
2015-05-19 12:15:37.637 SiriusMobile[24284:456290] Unlimited access to network resources
2015-05-19 12:15:38.110 SiriusMobile[24284:456290] [CDVTimer][file] 4.181981ms
2015-05-19 12:15:38.110 SiriusMobile[24284:456290] [CDVTimer][TotalPluginStartup] 4.953027ms
2015-05-19 12:15:38.512 SiriusMobile[24284:456290] Resetting plugins due to page load.
2015-05-19 12:15:38.746 SiriusMobile[24284:456290] Finished load of: file:///Users/twurman/Library/Developer/CoreSimulator/Devices/87D9EFA3-DF1B-4016-BE24-4723CAC192B7/data/Containers/Bundle/Application/4CCA5E44-E1EE-4853-B400-04B05E4A8AD0/SiriusMobile.app/www/index.html
2015-05-19 12:24:44.978 SiriusMobile[24284:459948] Terminating since there is no system app.
2015-05-19 12:24:44.979 SiriusMobile[24284:459936] Communications error: <OS_xpc_error: <error: 0x354e5f4> { count = 1, contents =
	"XPCErrorDescription" => <string: 0x354e83c> { length = 22, contents = "Connection interrupted" }
}>
2015-05-19 12:25:00.099 SiriusMobile[24542:460652] DiskCookieStorage changing policy from 2 to 0, cookie file: file:///Users/twurman/Library/Developer/CoreSimulator/Devices/87D9EFA3-DF1B-4016-BE24-4723CAC192B7/data/Containers/Data/Application/6B8FF22F-4BA5-412A-9DEF-CC9ECEDD65FE/Library/Cookies/Cookies.binarycookies
2015-05-19 12:25:00.226 SiriusMobile[24542:460652] Apache Cordova native platform version 3.8.0 is starting.
2015-05-19 12:25:00.226 SiriusMobile[24542:460652] Multi-tasking -> Device: YES, App: YES
2015-05-19 12:25:00.228 SiriusMobile[24542:460652] Unlimited access to network resources
2015-05-19 12:25:00.331 SiriusMobile[24542:460652] [CDVTimer][file] 1.055956ms
2015-05-19 12:25:00.332 SiriusMobile[24542:460652] [CDVTimer][TotalPluginStartup] 1.254976ms
2015-05-19 12:25:00.431 SiriusMobile[24542:460652] Resetting plugins due to page load.
2015-05-19 12:25:00.510 SiriusMobile[24542:460652] Finished load of: file:///Users/twurman/Library/Developer/CoreSimulator/Devices/87D9EFA3-DF1B-4016-BE24-4723CAC192B7/data/Containers/Bundle/Application/D549F5FB-BBDE-42F5-ACFC-641778FEFEA1/SiriusMobile.app/www/index.html
2015-05-19 14:23:31.577 SiriusMobile[25124:478201] DiskCookieStorage changing policy from 2 to 0, cookie file: file:///Users/twurman/Library/Developer/CoreSimulator/Devices/87D9EFA3-DF1B-4016-BE24-4723CAC192B7/data/Containers/Data/Application/BA24C5FE-360D-4B84-BCE1-C6757D9AEB4B/Library/Cookies/Cookies.binarycookies
2015-05-19 14:23:31.959 SiriusMobile[25124:478201] Apache Cordova native platform version 3.8.0 is starting.
2015-05-19 14:23:31.961 SiriusMobile[25124:478201] Multi-tasking -> Device: YES, App: YES
2015-05-19 14:23:31.971 SiriusMobile[25124:478201] Unlimited access to network resources
2015-05-19 14:23:32.167 SiriusMobile[25124:478201] [CDVTimer][file] 3.057003ms
2015-05-19 14:23:32.168 SiriusMobile[25124:478201] [CDVTimer][TotalPluginStartup] 3.759027ms
2015-05-19 14:23:32.457 SiriusMobile[25124:478201] Resetting plugins due to page load.
2015-05-19 14:23:32.601 SiriusMobile[25124:478201] Finished load of: file:///Users/twurman/Library/Developer/CoreSimulator/Devices/87D9EFA3-DF1B-4016-BE24-4723CAC192B7/data/Containers/Bundle/Application/D299BE14-5D19-4C65-97EC-390C6E5ECD18/SiriusMobile.app/www/index.html
2015-05-19 14:43:09.076 SiriusMobile[25464:485640] DiskCookieStorage changing policy from 2 to 0, cookie file: file:///Users/twurman/Library/Developer/CoreSimulator/Devices/87D9EFA3-DF1B-4016-BE24-4723CAC192B7/data/Containers/Data/Application/CD40639C-9363-457E-A480-FC93954F1A70/Library/Cookies/Cookies.binarycookies
2015-05-19 14:43:09.296 SiriusMobile[25464:485640] Apache Cordova native platform version 3.8.0 is starting.
2015-05-19 14:43:09.296 SiriusMobile[25464:485640] Multi-tasking -> Device: YES, App: YES
2015-05-19 14:43:09.314 SiriusMobile[25464:485640] Unlimited access to network resources
2015-05-19 14:43:09.723 SiriusMobile[25464:485640] [CDVTimer][file] 2.771974ms
2015-05-19 14:43:09.723 SiriusMobile[25464:485640] [CDVTimer][TotalPluginStartup] 3.033042ms
2015-05-19 14:43:10.069 SiriusMobile[25464:485640] Resetting plugins due to page load.
2015-05-19 14:43:10.291 SiriusMobile[25464:485640] Finished load of: file:///Users/twurman/Library/Developer/CoreSimulator/Devices/87D9EFA3-DF1B-4016-BE24-4723CAC192B7/data/Containers/Bundle/Application/496E890D-1D55-4D65-850E-4ABD8E752AC1/SiriusMobile.app/www/index.html
2015-05-19 14:48:23.123 SiriusMobile[25660:488543] DiskCookieStorage changing policy from 2 to 0, cookie file: file:///Users/twurman/Library/Developer/CoreSimulator/Devices/87D9EFA3-DF1B-4016-BE24-4723CAC192B7/data/Containers/Data/Application/CFB7A961-928C-4E6F-8D89-64FC53BC7CC8/Library/Cookies/Cookies.binarycookies
2015-05-19 14:48:23.247 SiriusMobile[25660:488543] Apache Cordova native platform version 3.8.0 is starting.
2015-05-19 14:48:23.248 SiriusMobile[25660:488543] Multi-tasking -> Device: YES, App: YES
2015-05-19 14:48:23.250 SiriusMobile[25660:488543] Unlimited access to network resources
2015-05-19 14:48:23.361 SiriusMobile[25660:488543] [CDVTimer][file] 2.443016ms
2015-05-19 14:48:23.361 SiriusMobile[25660:488543] [CDVTimer][TotalPluginStartup] 2.683997ms
2015-05-19 14:48:23.475 SiriusMobile[25660:488543] Resetting plugins due to page load.
2015-05-19 14:48:23.568 SiriusMobile[25660:488543] Finished load of: file:///Users/twurman/Library/Developer/CoreSimulator/Devices/87D9EFA3-DF1B-4016-BE24-4723CAC192B7/data/Containers/Bundle/Application/D45E5D6F-DF08-4E48-988D-470F0890F074/SiriusMobile.app/www/index.html
2015-05-19 15:17:42.492 SiriusMobile[26187:504592] DiskCookieStorage changing policy from 2 to 0, cookie file: file:///Users/twurman/Library/Developer/CoreSimulator/Devices/87D9EFA3-DF1B-4016-BE24-4723CAC192B7/data/Containers/Data/Application/5C1CF88E-EB18-42F2-BB81-796BEEBF9E9A/Library/Cookies/Cookies.binarycookies
2015-05-19 15:17:43.398 SiriusMobile[26187:504592] Apache Cordova native platform version 3.8.0 is starting.
2015-05-19 15:17:43.400 SiriusMobile[26187:504592] Multi-tasking -> Device: YES, App: YES
2015-05-19 15:17:43.452 SiriusMobile[26187:504592] Unlimited access to network resources
2015-05-19 15:17:44.112 SiriusMobile[26187:504592] [CDVTimer][file] 4.083037ms
2015-05-19 15:17:44.112 SiriusMobile[26187:504592] [CDVTimer][TotalPluginStartup] 4.969001ms
2015-05-19 15:17:44.597 SiriusMobile[26187:504592] Resetting plugins due to page load.
2015-05-19 15:17:44.857 SiriusMobile[26187:504592] Finished load of: file:///Users/twurman/Library/Developer/CoreSimulator/Devices/87D9EFA3-DF1B-4016-BE24-4723CAC192B7/data/Containers/Bundle/Application/B285D184-E728-4D7C-9E43-5EB3D91DE92B/SiriusMobile.app/www/index.html
2015-05-19 15:29:38.321 SiriusMobile[26187:509417] Communications error: <OS_xpc_error: <error: 0x361c5f4> { count = 1, contents =
	"XPCErrorDescription" => <string: 0x361c83c> { length = 22, contents = "Connection interrupted" }
}>
2015-05-20 17:27:05.846 SiriusMobile[28318:532358] DiskCookieStorage changing policy from 2 to 0, cookie file: file:///Users/twurman/Library/Developer/CoreSimulator/Devices/87D9EFA3-DF1B-4016-BE24-4723CAC192B7/data/Containers/Data/Application/E823C4AA-A902-4167-853A-ECD11C6BD789/Library/Cookies/Cookies.binarycookies
2015-05-20 17:27:06.341 SiriusMobile[28318:532358] Apache Cordova native platform version 3.8.0 is starting.
2015-05-20 17:27:06.342 SiriusMobile[28318:532358] Multi-tasking -> Device: YES, App: YES
2015-05-20 17:27:06.359 SiriusMobile[28318:532358] Unlimited access to network resources
2015-05-20 17:27:06.853 SiriusMobile[28318:532358] [CDVTimer][file] 4.161000ms
2015-05-20 17:27:06.853 SiriusMobile[28318:532358] [CDVTimer][TotalPluginStartup] 4.920006ms
2015-05-20 17:27:07.257 SiriusMobile[28318:532358] Resetting plugins due to page load.
2015-05-20 17:27:07.468 SiriusMobile[28318:532358] Finished load of: file:///Users/twurman/Library/Developer/CoreSimulator/Devices/87D9EFA3-DF1B-4016-BE24-4723CAC192B7/data/Containers/Bundle/Application/74B585FF-8D2D-4B67-AAC2-BBDAFF2FBAE8/SiriusMobile.app/www/index.html
2015-05-20 17:27:57.225 SiriusMobile[28318:532809] Communications error: <OS_xpc_error: <error: 0x35615f4> { count = 1, contents =
	"XPCErrorDescription" => <string: 0x356183c> { length = 22, contents = "Connection interrupted" }
}>
2015-05-20 17:28:10.959 SiriusMobile[28318:533334] Terminating since there is no system app.
2015-05-20 17:56:19.005 SiriusMobile[29311:549211] DiskCookieStorage changing policy from 2 to 0, cookie file: file:///Users/twurman/Library/Developer/CoreSimulator/Devices/87D9EFA3-DF1B-4016-BE24-4723CAC192B7/data/Containers/Data/Application/620A9040-6399-42D4-9AE2-B337C7731439/Library/Cookies/Cookies.binarycookies
2015-05-20 17:56:19.600 SiriusMobile[29311:549211] Apache Cordova native platform version 3.8.0 is starting.
2015-05-20 17:56:19.602 SiriusMobile[29311:549211] Multi-tasking -> Device: YES, App: YES
2015-05-20 17:56:19.628 SiriusMobile[29311:549211] Unlimited access to network resources
2015-05-20 17:56:20.108 SiriusMobile[29311:549211] [CDVTimer][file] 4.332960ms
2015-05-20 17:56:20.108 SiriusMobile[29311:549211] [CDVTimer][TotalPluginStartup] 5.766988ms
2015-05-20 17:56:20.607 SiriusMobile[29311:549211] Resetting plugins due to page load.
2015-05-20 17:56:20.835 SiriusMobile[29311:549211] Finished load of: file:///Users/twurman/Library/Developer/CoreSimulator/Devices/87D9EFA3-DF1B-4016-BE24-4723CAC192B7/data/Containers/Bundle/Application/5D4E0EB0-8F77-4D5C-AE3A-40CF30E350AF/SiriusMobile.app/www/index.html
2015-05-20 17:59:32.159 SiriusMobile[29486:551140] DiskCookieStorage changing policy from 2 to 0, cookie file: file:///Users/twurman/Library/Developer/CoreSimulator/Devices/87D9EFA3-DF1B-4016-BE24-4723CAC192B7/data/Containers/Data/Application/286B0E0F-B088-4C9C-A339-B03D9732272D/Library/Cookies/Cookies.binarycookies
2015-05-20 17:59:32.296 SiriusMobile[29486:551140] Apache Cordova native platform version 3.8.0 is starting.
2015-05-20 17:59:32.296 SiriusMobile[29486:551140] Multi-tasking -> Device: YES, App: YES
2015-05-20 17:59:32.299 SiriusMobile[29486:551140] Unlimited access to network resources
2015-05-20 17:59:32.424 SiriusMobile[29486:551140] [CDVTimer][file] 4.387021ms
2015-05-20 17:59:32.424 SiriusMobile[29486:551140] [CDVTimer][TotalPluginStartup] 4.633009ms
2015-05-20 17:59:32.623 SiriusMobile[29486:551140] Resetting plugins due to page load.
2015-05-20 17:59:32.706 SiriusMobile[29486:551140] Finished load of: file:///Users/twurman/Library/Developer/CoreSimulator/Devices/87D9EFA3-DF1B-4016-BE24-4723CAC192B7/data/Containers/Bundle/Application/075E236C-6656-4D4E-923D-6AFA0E559BA2/SiriusMobile.app/www/index.html
2015-05-20 18:00:04.503 SiriusMobile[29633:552095] DiskCookieStorage changing policy from 2 to 0, cookie file: file:///Users/twurman/Library/Developer/CoreSimulator/Devices/87D9EFA3-DF1B-4016-BE24-4723CAC192B7/data/Containers/Data/Application/C0214025-9BA4-4576-8EEA-DDA57A172B2F/Library/Cookies/Cookies.binarycookies
2015-05-20 18:00:04.646 SiriusMobile[29633:552095] Apache Cordova native platform version 3.8.0 is starting.
2015-05-20 18:00:04.646 SiriusMobile[29633:552095] Multi-tasking -> Device: YES, App: YES
2015-05-20 18:00:04.648 SiriusMobile[29633:552095] Unlimited access to network resources
2015-05-20 18:00:04.762 SiriusMobile[29633:552095] [CDVTimer][file] 1.199007ms
2015-05-20 18:00:04.763 SiriusMobile[29633:552095] [CDVTimer][TotalPluginStartup] 1.413941ms
2015-05-20 18:00:04.964 SiriusMobile[29633:552095] Resetting plugins due to page load.
2015-05-20 18:00:05.048 SiriusMobile[29633:552095] Finished load of: file:///Users/twurman/Library/Developer/CoreSimulator/Devices/87D9EFA3-DF1B-4016-BE24-4723CAC192B7/data/Containers/Bundle/Application/8002E88C-0521-4F43-AD4F-E17C319627E2/SiriusMobile.app/www/index.html
2015-05-20 18:40:32.747 SiriusMobile[30470:566503] DiskCookieStorage changing policy from 2 to 0, cookie file: file:///Users/twurman/Library/Developer/CoreSimulator/Devices/87D9EFA3-DF1B-4016-BE24-4723CAC192B7/data/Containers/Data/Application/000819C1-15DD-4289-BD25-21B1B4D2AA56/Library/Cookies/Cookies.binarycookies
2015-05-20 18:40:33.189 SiriusMobile[30470:566503] Apache Cordova native platform version 3.8.0 is starting.
2015-05-20 18:40:33.190 SiriusMobile[30470:566503] Multi-tasking -> Device: YES, App: YES
2015-05-20 18:40:33.210 SiriusMobile[30470:566503] Unlimited access to network resources
2015-05-20 18:40:33.684 SiriusMobile[30470:566503] [CDVTimer][file] 3.325999ms
2015-05-20 18:40:33.684 SiriusMobile[30470:566503] [CDVTimer][TotalPluginStartup] 4.082978ms
2015-05-20 18:40:34.126 SiriusMobile[30470:566503] Resetting plugins due to page load.
2015-05-20 18:40:34.336 SiriusMobile[30470:566503] Finished load of: file:///Users/twurman/Library/Developer/CoreSimulator/Devices/87D9EFA3-DF1B-4016-BE24-4723CAC192B7/data/Containers/Bundle/Application/DFA89362-EEDB-46A9-8008-CBB2257E3B3E/SiriusMobile.app/www/index.html
